<?xml version="1.0" encoding="UTF-8"?>
<!-- Generated by org.testng.reporters.JUnitXMLReporter -->
<testsuite ignored="0" hostname="Shreyul" failures="0" tests="6" name="Test" time="82.873" errors="0" timestamp="2023-06-26T12:53:58 EDT">
  <testcase classname="myTest.LoginTest" name="verifyLoginPageTitleTest" time="0.031"/>
  <testcase classname="myTest.LoginTest" name="verifydoLoginTest" time="8.087"/>
  <testcase classname="myTest.HomeTest" name="FashionPageTest" time="2.648"/>
  <testcase classname="myTest.HomeTest" name="SavedPageTest" time="2.268"/>
  <testcase classname="myTest.HomeTest" name="verifyCorrectuserNameTest" time="11.243"/>
  <testcase classname="myTest.HomeTest" name="verifyLogiHomePageTitleTest" time="11.077"/>
</testsuite> <!-- Test -->
