<?xml version="1.0" encoding="UTF-8"?>
<!-- Generated by org.testng.reporters.JUnitXMLReporter -->
<testsuite ignored="0" hostname="Shreyul" failures="0" tests="6" name="Test" time="89.184" errors="0" timestamp="2023-07-02T11:52:48 EDT">
  <testcase classname="myTest.LoginTest" name="verifyLoginPageTitleTest" time="0.299"/>
  <testcase classname="myTest.LoginTest" name="verifydoLoginTest" time="9.293"/>
  <testcase classname="myTest.HomeTest" name="FashionPageTest" time="0.471"/>
  <testcase classname="myTest.HomeTest" name="SavedPageTest" time="2.431"/>
  <testcase classname="myTest.HomeTest" name="verifyCorrectuserNameTest" time="13.781"/>
  <testcase classname="myTest.HomeTest" name="verifyLogiHomePageTitleTest" time="10.719"/>
</testsuite> <!-- Test -->
