<?xml version="1.0" encoding="UTF-8"?>
<!-- Generated by org.testng.reporters.JUnitXMLReporter -->
<testsuite ignored="0" hostname="Shreyul" failures="1" tests="2" name="Test" time="11.743" errors="0" timestamp="2023-06-25T14:45:31 EDT">
  <testcase classname="myTest.LoginTest" name="verifyLoginPageTitleTest" time="0.032"/>
  <testcase classname="myTest.LoginTest" name="verifydoLoginTest" time="2.217">
    <failure type="java.lang.NullPointerException">
      <![CDATA[java.lang.NullPointerException
at pages.LoginPage.doLogin(LoginPage.java:66)
at myTest.LoginTest.verifydoLoginTest(LoginTest.java:21)
at java.base/java.util.concurrent.ThreadPoolExecutor.runWorker(ThreadPoolExecutor.java:1130)
at java.base/java.util.concurrent.ThreadPoolExecutor$Worker.run(ThreadPoolExecutor.java:630)
at java.base/java.lang.Thread.run(Thread.java:832)
... Removed 12 stack frames]]>
    </failure>
  </testcase> <!-- verifydoLoginTest -->
</testsuite> <!-- Test -->
