<?xml version="1.0" encoding="UTF-8"?>
<!-- Generated by org.testng.reporters.JUnitXMLReporter -->
<testsuite ignored="1" hostname="Shreyul" failures="0" tests="1" name="Test(failed)" time="25.941" errors="0" timestamp="2023-06-25T15:06:52 EDT">
  <testcase classname="myTest.LoginTest" name="verifydoLoginTest" time="16.945"/>
  <testcase classname="myTest.LoginTest" name="verifyLoginPageTitleTest" time="0.0">
    <ignored/>
  </testcase> <!-- verifyLoginPageTitleTest -->
</testsuite> <!-- Test(failed) -->
