-------------------------------------------------------------------------------
Test set: TestSuite
-------------------------------------------------------------------------------
Tests run: 2, Failures: 1, Errors: 0, Skipped: 0, Time elapsed: 12.735 s <<< FAILURE! - in TestSuite
verifydoLoginTest(myTest.LoginTest)  Time elapsed: 2.236 s  <<< FAILURE!
java.lang.NullPointerException
	at myTest.LoginTest.verifydoLoginTest(LoginTest.java:21)

