<?xml version="1.0" encoding="UTF-8"?>
<testng-results ignored="0" total="2" passed="1" failed="1" skipped="0">
  <reporter-output>
  </reporter-output>
  <suite started-at="2023-06-25T14:45:20 EDT" name="Suite" finished-at="2023-06-25T14:45:31 EDT" duration-ms="11743">
    <groups>
    </groups>
    <test started-at="2023-06-25T14:45:20 EDT" name="Test" finished-at="2023-06-25T14:45:31 EDT" duration-ms="11743">
      <class name="myTest.LoginTest">
        <test-method is-config="true" signature="setUpTest(java.lang.String)[pri:0, instance:myTest.LoginTest@6f96c77]" started-at="2023-06-25T14:45:20 EDT" name="setUpTest" finished-at="2023-06-25T14:45:29 EDT" duration-ms="9191" status="PASS">
          <params>
            <param index="0">
              <value>
                <![CDATA[chrome]]>
              </value>
            </param>
          </params>
          <reporter-output>
          </reporter-output>
        </test-method> <!-- setUpTest -->
        <test-method is-config="true" signature="setUpTest(java.lang.String)[pri:0, instance:myTest.LoginTest@6f96c77]" started-at="2023-06-25T14:45:20 EDT" name="setUpTest" finished-at="2023-06-25T14:45:29 EDT" duration-ms="9451" status="PASS">
          <params>
            <param index="0">
              <value>
                <![CDATA[chrome]]>
              </value>
            </param>
          </params>
          <reporter-output>
          </reporter-output>
        </test-method> <!-- setUpTest -->
        <test-method signature="verifyLoginPageTitleTest()[pri:0, instance:myTest.LoginTest@6f96c77]" started-at="2023-06-25T14:45:29 EDT" name="verifyLoginPageTitleTest" finished-at="2023-06-25T14:45:29 EDT" duration-ms="32" status="PASS">
          <reporter-output>
          </reporter-output>
        </test-method> <!-- verifyLoginPageTitleTest -->
        <test-method is-config="true" signature="tearDown()[pri:0, instance:myTest.LoginTest@6f96c77]" started-at="2023-06-25T14:45:29 EDT" name="tearDown" finished-at="2023-06-25T14:45:30 EDT" duration-ms="881" status="PASS">
          <reporter-output>
          </reporter-output>
        </test-method> <!-- tearDown -->
        <test-method signature="verifydoLoginTest()[pri:0, instance:myTest.LoginTest@6f96c77]" started-at="2023-06-25T14:45:29 EDT" name="verifydoLoginTest" finished-at="2023-06-25T14:45:31 EDT" duration-ms="2217" status="FAIL">
          <exception class="java.lang.NullPointerException">
            <full-stacktrace>
              <![CDATA[java.lang.NullPointerException
at pages.LoginPage.doLogin(LoginPage.java:66)
at myTest.LoginTest.verifydoLoginTest(LoginTest.java:21)
at java.base/jdk.internal.reflect.NativeMethodAccessorImpl.invoke0(Native Method)
at java.base/jdk.internal.reflect.NativeMethodAccessorImpl.invoke(NativeMethodAccessorImpl.java:62)
at java.base/jdk.internal.reflect.DelegatingMethodAccessorImpl.invoke(DelegatingMethodAccessorImpl.java:43)
at java.base/java.lang.reflect.Method.invoke(Method.java:564)
at org.testng.internal.invokers.MethodInvocationHelper.invokeMethod(MethodInvocationHelper.java:139)
at org.testng.internal.invokers.TestInvoker.invokeMethod(TestInvoker.java:677)
at org.testng.internal.invokers.TestInvoker.invokeTestMethod(TestInvoker.java:221)
at org.testng.internal.invokers.MethodRunner.runInSequence(MethodRunner.java:50)
at org.testng.internal.invokers.TestInvoker$MethodInvocationAgent.invoke(TestInvoker.java:969)
at org.testng.internal.invokers.TestInvoker.invokeTestMethods(TestInvoker.java:194)
at org.testng.internal.invokers.TestMethodWorker.invokeTestMethods(TestMethodWorker.java:148)
at org.testng.internal.invokers.TestMethodWorker.run(TestMethodWorker.java:128)
at java.base/java.util.concurrent.ThreadPoolExecutor.runWorker(ThreadPoolExecutor.java:1130)
at java.base/java.util.concurrent.ThreadPoolExecutor$Worker.run(ThreadPoolExecutor.java:630)
at java.base/java.lang.Thread.run(Thread.java:832)
]]>
            </full-stacktrace>
          </exception> <!-- java.lang.NullPointerException -->
          <reporter-output>
          </reporter-output>
        </test-method> <!-- verifydoLoginTest -->
        <test-method is-config="true" signature="tearDown()[pri:0, instance:myTest.LoginTest@6f96c77]" started-at="2023-06-25T14:45:31 EDT" name="tearDown" finished-at="2023-06-25T14:45:31 EDT" duration-ms="0" status="PASS">
          <reporter-output>
          </reporter-output>
        </test-method> <!-- tearDown -->
      </class> <!-- myTest.LoginTest -->
    </test> <!-- Test -->
  </suite> <!-- Suite -->
</testng-results>
