<?xml version="1.0" encoding="UTF-8"?>
<testng-results ignored="0" total="6" passed="6" failed="0" skipped="0">
  <reporter-output>
  </reporter-output>
  <suite started-at="2023-06-26T12:52:35 EDT" name="Suite" finished-at="2023-06-26T12:53:58 EDT" duration-ms="82873">
    <groups>
    </groups>
    <test started-at="2023-06-26T12:52:35 EDT" name="Test" finished-at="2023-06-26T12:53:58 EDT" duration-ms="82873">
      <class name="myTest.HomeTest">
        <test-method is-config="true" signature="setUpTest(java.lang.String)[pri:0, instance:myTest.HomeTest@235ecd9f]" started-at="2023-06-26T12:53:00 EDT" name="setUpTest" finished-at="2023-06-26T12:53:07 EDT" duration-ms="6754" status="PASS">
          <params>
            <param index="0">
              <value>
                <![CDATA[chrome]]>
              </value>
            </param>
          </params>
          <reporter-output>
          </reporter-output>
        </test-method> <!-- setUpTest -->
        <test-method signature="FashionPageTest()[pri:0, instance:myTest.HomeTest@235ecd9f]" started-at="2023-06-26T12:53:07 EDT" name="FashionPageTest" finished-at="2023-06-26T12:53:10 EDT" duration-ms="2648" status="PASS">
          <reporter-output>
          </reporter-output>
        </test-method> <!-- FashionPageTest -->
        <test-method is-config="true" signature="tearDown()[pri:0, instance:myTest.HomeTest@235ecd9f]" started-at="2023-06-26T12:53:10 EDT" name="tearDown" finished-at="2023-06-26T12:53:11 EDT" duration-ms="891" status="PASS">
          <reporter-output>
          </reporter-output>
        </test-method> <!-- tearDown -->
        <test-method is-config="true" signature="setUpTest(java.lang.String)[pri:0, instance:myTest.HomeTest@235ecd9f]" started-at="2023-06-26T12:53:11 EDT" name="setUpTest" finished-at="2023-06-26T12:53:18 EDT" duration-ms="7126" status="PASS">
          <params>
            <param index="0">
              <value>
                <![CDATA[chrome]]>
              </value>
            </param>
          </params>
          <reporter-output>
          </reporter-output>
        </test-method> <!-- setUpTest -->
        <test-method signature="SavedPageTest()[pri:0, instance:myTest.HomeTest@235ecd9f]" started-at="2023-06-26T12:53:18 EDT" name="SavedPageTest" finished-at="2023-06-26T12:53:20 EDT" duration-ms="2268" status="PASS">
          <reporter-output>
          </reporter-output>
        </test-method> <!-- SavedPageTest -->
        <test-method is-config="true" signature="tearDown()[pri:0, instance:myTest.HomeTest@235ecd9f]" started-at="2023-06-26T12:53:20 EDT" name="tearDown" finished-at="2023-06-26T12:53:21 EDT" duration-ms="931" status="PASS">
          <reporter-output>
          </reporter-output>
        </test-method> <!-- tearDown -->
        <test-method is-config="true" signature="setUpTest(java.lang.String)[pri:0, instance:myTest.HomeTest@235ecd9f]" started-at="2023-06-26T12:53:21 EDT" name="setUpTest" finished-at="2023-06-26T12:53:28 EDT" duration-ms="6803" status="PASS">
          <params>
            <param index="0">
              <value>
                <![CDATA[chrome]]>
              </value>
            </param>
          </params>
          <reporter-output>
          </reporter-output>
        </test-method> <!-- setUpTest -->
        <test-method signature="verifyCorrectuserNameTest()[pri:0, instance:myTest.HomeTest@235ecd9f]" started-at="2023-06-26T12:53:28 EDT" name="verifyCorrectuserNameTest" finished-at="2023-06-26T12:53:39 EDT" duration-ms="11243" status="PASS">
          <reporter-output>
          </reporter-output>
        </test-method> <!-- verifyCorrectuserNameTest -->
        <test-method is-config="true" signature="tearDown()[pri:0, instance:myTest.HomeTest@235ecd9f]" started-at="2023-06-26T12:53:39 EDT" name="tearDown" finished-at="2023-06-26T12:53:40 EDT" duration-ms="877" status="PASS">
          <reporter-output>
          </reporter-output>
        </test-method> <!-- tearDown -->
        <test-method is-config="true" signature="setUpTest(java.lang.String)[pri:0, instance:myTest.HomeTest@235ecd9f]" started-at="2023-06-26T12:53:40 EDT" name="setUpTest" finished-at="2023-06-26T12:53:46 EDT" duration-ms="6534" status="PASS">
          <params>
            <param index="0">
              <value>
                <![CDATA[chrome]]>
              </value>
            </param>
          </params>
          <reporter-output>
          </reporter-output>
        </test-method> <!-- setUpTest -->
        <test-method signature="verifyLogiHomePageTitleTest()[pri:0, instance:myTest.HomeTest@235ecd9f]" started-at="2023-06-26T12:53:46 EDT" name="verifyLogiHomePageTitleTest" finished-at="2023-06-26T12:53:57 EDT" duration-ms="11077" status="PASS">
          <reporter-output>
          </reporter-output>
        </test-method> <!-- verifyLogiHomePageTitleTest -->
        <test-method is-config="true" signature="tearDown()[pri:0, instance:myTest.HomeTest@235ecd9f]" started-at="2023-06-26T12:53:57 EDT" name="tearDown" finished-at="2023-06-26T12:53:58 EDT" duration-ms="863" status="PASS">
          <reporter-output>
          </reporter-output>
        </test-method> <!-- tearDown -->
      </class> <!-- myTest.HomeTest -->
      <class name="myTest.LoginTest">
        <test-method is-config="true" signature="setUpTest(java.lang.String)[pri:0, instance:myTest.LoginTest@1a942c18]" started-at="2023-06-26T12:52:35 EDT" name="setUpTest" finished-at="2023-06-26T12:52:44 EDT" duration-ms="8017" status="PASS">
          <params>
            <param index="0">
              <value>
                <![CDATA[chrome]]>
              </value>
            </param>
          </params>
          <reporter-output>
          </reporter-output>
        </test-method> <!-- setUpTest -->
        <test-method signature="verifyLoginPageTitleTest()[pri:0, instance:myTest.LoginTest@1a942c18]" started-at="2023-06-26T12:52:44 EDT" name="verifyLoginPageTitleTest" finished-at="2023-06-26T12:52:44 EDT" duration-ms="31" status="PASS">
          <reporter-output>
          </reporter-output>
        </test-method> <!-- verifyLoginPageTitleTest -->
        <test-method is-config="true" signature="tearDown()[pri:0, instance:myTest.LoginTest@1a942c18]" started-at="2023-06-26T12:52:44 EDT" name="tearDown" finished-at="2023-06-26T12:52:44 EDT" duration-ms="870" status="PASS">
          <reporter-output>
          </reporter-output>
        </test-method> <!-- tearDown -->
        <test-method is-config="true" signature="setUpTest(java.lang.String)[pri:0, instance:myTest.LoginTest@1a942c18]" started-at="2023-06-26T12:52:44 EDT" name="setUpTest" finished-at="2023-06-26T12:52:51 EDT" duration-ms="6869" status="PASS">
          <params>
            <param index="0">
              <value>
                <![CDATA[chrome]]>
              </value>
            </param>
          </params>
          <reporter-output>
          </reporter-output>
        </test-method> <!-- setUpTest -->
        <test-method signature="verifydoLoginTest()[pri:0, instance:myTest.LoginTest@1a942c18]" started-at="2023-06-26T12:52:51 EDT" name="verifydoLoginTest" finished-at="2023-06-26T12:52:59 EDT" duration-ms="8087" status="PASS">
          <reporter-output>
          </reporter-output>
        </test-method> <!-- verifydoLoginTest -->
        <test-method is-config="true" signature="tearDown()[pri:0, instance:myTest.LoginTest@1a942c18]" started-at="2023-06-26T12:52:59 EDT" name="tearDown" finished-at="2023-06-26T12:53:00 EDT" duration-ms="882" status="PASS">
          <reporter-output>
          </reporter-output>
        </test-method> <!-- tearDown -->
      </class> <!-- myTest.LoginTest -->
    </test> <!-- Test -->
  </suite> <!-- Suite -->
</testng-results>
