<?xml version="1.0" encoding="UTF-8"?>
<testng-results ignored="0" total="6" passed="6" failed="0" skipped="0">
  <reporter-output>
  </reporter-output>
  <suite started-at="2023-07-02T11:51:19 EDT" name="Suite" finished-at="2023-07-02T11:52:48 EDT" duration-ms="89184">
    <groups>
    </groups>
    <test started-at="2023-07-02T11:51:19 EDT" name="Test" finished-at="2023-07-02T11:52:48 EDT" duration-ms="89184">
      <class name="myTest.HomeTest">
        <test-method is-config="true" signature="setUpTest(java.lang.String)[pri:0, instance:myTest.HomeTest@235ecd9f]" started-at="2023-07-02T11:51:50 EDT" name="setUpTest" finished-at="2023-07-02T11:51:57 EDT" duration-ms="6716" status="PASS">
          <params>
            <param index="0">
              <value>
                <![CDATA[chrome]]>
              </value>
            </param>
          </params>
          <reporter-output>
          </reporter-output>
        </test-method> <!-- setUpTest -->
        <test-method signature="FashionPageTest()[pri:0, instance:myTest.HomeTest@235ecd9f]" started-at="2023-07-02T11:51:57 EDT" name="FashionPageTest" finished-at="2023-07-02T11:51:57 EDT" duration-ms="471" status="PASS">
          <reporter-output>
          </reporter-output>
        </test-method> <!-- FashionPageTest -->
        <test-method is-config="true" signature="tearDown()[pri:0, instance:myTest.HomeTest@235ecd9f]" started-at="2023-07-02T11:51:57 EDT" name="tearDown" finished-at="2023-07-02T11:51:58 EDT" duration-ms="973" status="PASS">
          <reporter-output>
          </reporter-output>
        </test-method> <!-- tearDown -->
        <test-method is-config="true" signature="setUpTest(java.lang.String)[pri:0, instance:myTest.HomeTest@235ecd9f]" started-at="2023-07-02T11:51:58 EDT" name="setUpTest" finished-at="2023-07-02T11:52:05 EDT" duration-ms="6864" status="PASS">
          <params>
            <param index="0">
              <value>
                <![CDATA[chrome]]>
              </value>
            </param>
          </params>
          <reporter-output>
          </reporter-output>
        </test-method> <!-- setUpTest -->
        <test-method signature="SavedPageTest()[pri:0, instance:myTest.HomeTest@235ecd9f]" started-at="2023-07-02T11:52:05 EDT" name="SavedPageTest" finished-at="2023-07-02T11:52:07 EDT" duration-ms="2431" status="PASS">
          <reporter-output>
          </reporter-output>
        </test-method> <!-- SavedPageTest -->
        <test-method is-config="true" signature="tearDown()[pri:0, instance:myTest.HomeTest@235ecd9f]" started-at="2023-07-02T11:52:07 EDT" name="tearDown" finished-at="2023-07-02T11:52:08 EDT" duration-ms="933" status="PASS">
          <reporter-output>
          </reporter-output>
        </test-method> <!-- tearDown -->
        <test-method is-config="true" signature="setUpTest(java.lang.String)[pri:0, instance:myTest.HomeTest@235ecd9f]" started-at="2023-07-02T11:52:08 EDT" name="setUpTest" finished-at="2023-07-02T11:52:15 EDT" duration-ms="7037" status="PASS">
          <params>
            <param index="0">
              <value>
                <![CDATA[chrome]]>
              </value>
            </param>
          </params>
          <reporter-output>
          </reporter-output>
        </test-method> <!-- setUpTest -->
        <test-method signature="verifyCorrectuserNameTest()[pri:0, instance:myTest.HomeTest@235ecd9f]" started-at="2023-07-02T11:52:15 EDT" name="verifyCorrectuserNameTest" finished-at="2023-07-02T11:52:29 EDT" duration-ms="13781" status="PASS">
          <reporter-output>
          </reporter-output>
        </test-method> <!-- verifyCorrectuserNameTest -->
        <test-method is-config="true" signature="tearDown()[pri:0, instance:myTest.HomeTest@235ecd9f]" started-at="2023-07-02T11:52:29 EDT" name="tearDown" finished-at="2023-07-02T11:52:30 EDT" duration-ms="967" status="PASS">
          <reporter-output>
          </reporter-output>
        </test-method> <!-- tearDown -->
        <test-method is-config="true" signature="setUpTest(java.lang.String)[pri:0, instance:myTest.HomeTest@235ecd9f]" started-at="2023-07-02T11:52:30 EDT" name="setUpTest" finished-at="2023-07-02T11:52:37 EDT" duration-ms="6780" status="PASS">
          <params>
            <param index="0">
              <value>
                <![CDATA[chrome]]>
              </value>
            </param>
          </params>
          <reporter-output>
          </reporter-output>
        </test-method> <!-- setUpTest -->
        <test-method signature="verifyLogiHomePageTitleTest()[pri:0, instance:myTest.HomeTest@235ecd9f]" started-at="2023-07-02T11:52:37 EDT" name="verifyLogiHomePageTitleTest" finished-at="2023-07-02T11:52:47 EDT" duration-ms="10719" status="PASS">
          <reporter-output>
          </reporter-output>
        </test-method> <!-- verifyLogiHomePageTitleTest -->
        <test-method is-config="true" signature="tearDown()[pri:0, instance:myTest.HomeTest@235ecd9f]" started-at="2023-07-02T11:52:47 EDT" name="tearDown" finished-at="2023-07-02T11:52:48 EDT" duration-ms="984" status="PASS">
          <reporter-output>
          </reporter-output>
        </test-method> <!-- tearDown -->
      </class> <!-- myTest.HomeTest -->
      <class name="myTest.LoginTest">
        <test-method is-config="true" signature="setUpTest(java.lang.String)[pri:0, instance:myTest.LoginTest@1a942c18]" started-at="2023-07-02T11:51:19 EDT" name="setUpTest" finished-at="2023-07-02T11:51:32 EDT" duration-ms="12472" status="PASS">
          <params>
            <param index="0">
              <value>
                <![CDATA[chrome]]>
              </value>
            </param>
          </params>
          <reporter-output>
          </reporter-output>
        </test-method> <!-- setUpTest -->
        <test-method signature="verifyLoginPageTitleTest()[pri:0, instance:myTest.LoginTest@1a942c18]" started-at="2023-07-02T11:51:32 EDT" name="verifyLoginPageTitleTest" finished-at="2023-07-02T11:51:32 EDT" duration-ms="299" status="PASS">
          <reporter-output>
          </reporter-output>
        </test-method> <!-- verifyLoginPageTitleTest -->
        <test-method is-config="true" signature="tearDown()[pri:0, instance:myTest.LoginTest@1a942c18]" started-at="2023-07-02T11:51:32 EDT" name="tearDown" finished-at="2023-07-02T11:51:33 EDT" duration-ms="895" status="PASS">
          <reporter-output>
          </reporter-output>
        </test-method> <!-- tearDown -->
        <test-method is-config="true" signature="setUpTest(java.lang.String)[pri:0, instance:myTest.LoginTest@1a942c18]" started-at="2023-07-02T11:51:33 EDT" name="setUpTest" finished-at="2023-07-02T11:51:40 EDT" duration-ms="6595" status="PASS">
          <params>
            <param index="0">
              <value>
                <![CDATA[chrome]]>
              </value>
            </param>
          </params>
          <reporter-output>
          </reporter-output>
        </test-method> <!-- setUpTest -->
        <test-method signature="verifydoLoginTest()[pri:0, instance:myTest.LoginTest@1a942c18]" started-at="2023-07-02T11:51:40 EDT" name="verifydoLoginTest" finished-at="2023-07-02T11:51:49 EDT" duration-ms="9293" status="PASS">
          <reporter-output>
          </reporter-output>
        </test-method> <!-- verifydoLoginTest -->
        <test-method is-config="true" signature="tearDown()[pri:0, instance:myTest.LoginTest@1a942c18]" started-at="2023-07-02T11:51:49 EDT" name="tearDown" finished-at="2023-07-02T11:51:50 EDT" duration-ms="857" status="PASS">
          <reporter-output>
          </reporter-output>
        </test-method> <!-- tearDown -->
      </class> <!-- myTest.LoginTest -->
    </test> <!-- Test -->
  </suite> <!-- Suite -->
</testng-results>
